0 info it worked if it ends with ok
1 verbose cli [ 'C:\\Program Files\\nodejs\\node.exe',
1 verbose cli   'C:\\Users\\Javier\\AppData\\Roaming\\npm\\node_modules\\npm\\bin\\npm-cli.js',
1 verbose cli   'run',
1 verbose cli   'dev' ]
2 info using npm@3.8.1
3 info using node@v6.7.0
4 verbose config Skipping project config: C:\Users\Javier/.npmrc. (matches userconfig)
5 verbose stack Error: missing script: dev
5 verbose stack     at run (C:\Users\Javier\AppData\Roaming\npm\node_modules\npm\lib\run-script.js:147:19)
5 verbose stack     at C:\Users\Javier\AppData\Roaming\npm\node_modules\npm\lib\run-script.js:57:5
5 verbose stack     at C:\Users\Javier\AppData\Roaming\npm\node_modules\npm\node_modules\read-package-json\read-json.js:345:5
5 verbose stack     at checkBinReferences_ (C:\Users\Javier\AppData\Roaming\npm\node_modules\npm\node_modules\read-package-json\read-json.js:309:45)
5 verbose stack     at final (C:\Users\Javier\AppData\Roaming\npm\node_modules\npm\node_modules\read-package-json\read-json.js:343:3)
5 verbose stack     at then (C:\Users\Javier\AppData\Roaming\npm\node_modules\npm\node_modules\read-package-json\read-json.js:113:5)
5 verbose stack     at ReadFileContext.<anonymous> (C:\Users\Javier\AppData\Roaming\npm\node_modules\npm\node_modules\read-package-json\read-json.js:284:20)
5 verbose stack     at ReadFileContext.callback (C:\Users\Javier\AppData\Roaming\npm\node_modules\npm\node_modules\graceful-fs\graceful-fs.js:78:16)
5 verbose stack     at FSReqWrap.readFileAfterOpen [as oncomplete] (fs.js:365:13)
6 verbose cwd C:\Users\Javier\Desktop\work-the-flow-file-upload\public\assets\js
7 error Windows_NT 6.1.7601
8 error argv "C:\\Program Files\\nodejs\\node.exe" "C:\\Users\\Javier\\AppData\\Roaming\\npm\\node_modules\\npm\\bin\\npm-cli.js" "run" "dev"
9 error node v6.7.0
10 error npm  v3.8.1
11 error missing script: dev
12 error If you need help, you may report this error at:
12 error     <https://github.com/npm/npm/issues>
13 verbose exit [ 1, true ]
